<?xml version="1.0" encoding="UTF-8" standalone="no"?>
<testsuite failures="0" name="cucumber.runtime.formatter.JUnitFormatter" skipped="0" tests="3" time="68.753223">
<testcase classname="Free CRM Login Feature" name="Free CRM Login Test scenario" time="24.682527">
<system-out><![CDATA[Given user is already on login page.........................................passed
When launching the url......................................................passed
Then enters "30477md@gmail.com" and "Pranuthi2020$".........................passed
And click on login button...................................................passed
And verify home page titile.................................................passed
Then close the browser......................................................passed
]]></system-out>
</testcase>
<testcase classname="Free CRM Login Feature" name="Free CRM Login Test scenario with multipletestdata" time="22.024537">
<system-out><![CDATA[Given user is already on login page.........................................passed
When launching the url......................................................passed
Then enters "30477md@gmail.com" and "Pranuthi2020$".........................passed
And click on login button...................................................passed
And verify home page titile.................................................passed
Then close the browser......................................................passed
]]></system-out>
</testcase>
<testcase classname="Free CRM Login Feature" name="Free CRM Login Test scenario with multipletestdata 2" time="22.046159">
<system-out><![CDATA[Given user is already on login page.........................................passed
When launching the url......................................................passed
Then enters "30477md1@gmail.com" and "Pranuthi2020$"........................passed
And click on login button...................................................passed
And verify home page titile.................................................passed
Then close the browser......................................................passed
]]></system-out>
</testcase>
</testsuite>
